CONFIG
├── datamodule
│   └── _target_: src.datamodules.mnist_datamodule.MNISTDat
│       data_dir: /home/ubuntu/yisakk/Template/template_pl-
│       batch_size: 128                                    
│       train_val_test_split:                              
│       - 55000                                            
│       - 5000                                             
│       - 10000                                            
│       num_workers: 0                                     
│       pin_memory: false                                  
│                                                          
├── model
│   └── _target_: src.models.mnist_module.MNISTLitModule   
│       optimizer:                                         
│         _target_: torch.optim.Adam                       
│         _partial_: true                                  
│         lr: 0.001                                        
│         weight_decay: 0.0                                
│       scheduler:                                         
│         _target_: torch.optim.lr_scheduler.ReduceLROnPlat
│         _partial_: true                                  
│         mode: min                                        
│         factor: 0.1                                      
│         patience: 10                                     
│       net:                                               
│         _target_: src.models.components.simple_dense_net.
│         input_size: 784                                  
│         lin1_size: 64                                    
│         lin2_size: 128                                   
│         lin3_size: 64                                    
│         output_size: 10                                  
│                                                          
├── callbacks
│   └── model_checkpoint:                                  
│         _target_: pytorch_lightning.callbacks.ModelCheckp
│         dirpath: /home/ubuntu/yisakk/Template/template_pl
│         filename: epoch_{epoch:03d}                      
│         monitor: val/acc                                 
│         verbose: false                                   
│         save_last: true                                  
│         save_top_k: 1                                    
│         mode: max                                        
│         auto_insert_metric_name: false                   
│         save_weights_only: false                         
│         every_n_train_steps: null                        
│         train_time_interval: null                        
│         every_n_epochs: null                             
│         save_on_train_epoch_end: null                    
│       early_stopping:                                    
│         _target_: pytorch_lightning.callbacks.EarlyStoppi
│         monitor: val/acc                                 
│         min_delta: 0.0                                   
│         patience: 100                                    
│         verbose: false                                   
│         mode: max                                        
│         strict: true                                     
│         check_finite: true                               
│         stopping_threshold: null                         
│         divergence_threshold: null                       
│         check_on_train_epoch_end: null                   
│       model_summary:                                     
│         _target_: pytorch_lightning.callbacks.RichModelSu
│         max_depth: -1                                    
│       rich_progress_bar:                                 
│         _target_: pytorch_lightning.callbacks.RichProgres
│                                                          
├── logger
│   └── wandb:                                             
│         _target_: pytorch_lightning.loggers.wandb.WandbLo
│         save_dir: /home/ubuntu/yisakk/Template/template_p
│         offline: false                                   
│         id: null                                         
│         anonymous: null                                  
│         project: pl-hydra_test                           
│         log_model: false                                 
│         prefix: ''                                       
│         group: ''                                        
│         tags: []                                         
│         job_type: ''                                     
│                                                          
├── trainer
│   └── _target_: pytorch_lightning.Trainer                
│       default_root_dir: /home/ubuntu/yisakk/Template/temp
│       min_epochs: 1                                      
│       max_epochs: 10                                     
│       accelerator: cpu                                   
│       devices: 1                                         
│       check_val_every_n_epoch: 1                         
│       deterministic: false                               
│                                                          
├── paths
│   └── root_dir: /home/ubuntu/yisakk/Template/template_pl-
│       data_dir: /home/ubuntu/yisakk/Template/template_pl-
│       log_dir: /home/ubuntu/yisakk/Template/template_pl-h
│       output_dir: /home/ubuntu/yisakk/Template/template_p
│       work_dir: /home/ubuntu/yisakk/Template/template_pl-
│                                                          
├── extras
│   └── ignore_warnings: false                             
│       enforce_tags: true                                 
│       print_config: true                                 
│                                                          
├── task_name
│   └── train                                              
├── tags
│   └── ['dev']                                            
├── train
│   └── True                                               
├── test
│   └── True                                               
├── ckpt_path
│   └── None                                               
└── seed
    └── None                                               
