CONFIG
├── datamodule
│   └── _target_: src.datamodules.chexpert_datamodule.CheXpertDataModule                                                                                                                                                                    
│       data_dir: /home/ubuntu/yisakk/Template/template_pl-hydra/data/                                                                                                                                                                      
│       batch_size: 128                                                                                                                                                                                                                     
│       num_workers: 16                                                                                                                                                                                                                     
│       pin_memory: false                                                                                                                                                                                                                   
│       image_root_path: CheXpert-v1.0-pad224/                                                                                                                                                                                              
│       image_size: 224                                                                                                                                                                                                                     
│                                                                                                                                                                                                                                           
├── model
│   └── _target_: src.models.timm_module.TimmLitModule                                                                                                                                                                                      
│       optimizer:                                                                                                                                                                                                                          
│         _target_: torch.optim.Adam                                                                                                                                                                                                        
│         _partial_: true                                                                                                                                                                                                                   
│         lr: 0.01923279309285134                                                                                                                                                                                                           
│         weight_decay: 0.0                                                                                                                                                                                                                 
│       scheduler:                                                                                                                                                                                                                          
│         _target_: torch.optim.lr_scheduler.ReduceLROnPlateau                                                                                                                                                                              
│         _partial_: true                                                                                                                                                                                                                   
│         mode: min                                                                                                                                                                                                                         
│         factor: 0.1                                                                                                                                                                                                                       
│         patience: 10                                                                                                                                                                                                                      
│       net:                                                                                                                                                                                                                                
│         _target_: timm.create_model                                                                                                                                                                                                       
│         model_name: densenet121                                                                                                                                                                                                           
│         pretrained: true                                                                                                                                                                                                                  
│         num_classes: 5                                                                                                                                                                                                                    
│                                                                                                                                                                                                                                           
├── callbacks
│   └── model_checkpoint:                                                                                                                                                                                                                   
│         _target_: pytorch_lightning.callbacks.ModelCheckpoint                                                                                                                                                                             
│         dirpath: /home/ubuntu/yisakk/Template/template_pl-hydra/logs/train/multiruns/2022-11-16_00-19-29/0/checkpoints                                                                                                                    
│         filename: epoch_{epoch:03d}                                                                                                                                                                                                       
│         monitor: val/auc                                                                                                                                                                                                                  
│         verbose: false                                                                                                                                                                                                                    
│         save_last: true                                                                                                                                                                                                                   
│         save_top_k: 1                                                                                                                                                                                                                     
│         mode: max                                                                                                                                                                                                                         
│         auto_insert_metric_name: false                                                                                                                                                                                                    
│         save_weights_only: false                                                                                                                                                                                                          
│         every_n_train_steps: null                                                                                                                                                                                                         
│         train_time_interval: null                                                                                                                                                                                                         
│         every_n_epochs: null                                                                                                                                                                                                              
│         save_on_train_epoch_end: null                                                                                                                                                                                                     
│       early_stopping:                                                                                                                                                                                                                     
│         _target_: pytorch_lightning.callbacks.EarlyStopping                                                                                                                                                                               
│         monitor: val/auc                                                                                                                                                                                                                  
│         min_delta: 0.0                                                                                                                                                                                                                    
│         patience: 100                                                                                                                                                                                                                     
│         verbose: false                                                                                                                                                                                                                    
│         mode: max                                                                                                                                                                                                                         
│         strict: true                                                                                                                                                                                                                      
│         check_finite: true                                                                                                                                                                                                                
│         stopping_threshold: null                                                                                                                                                                                                          
│         divergence_threshold: null                                                                                                                                                                                                        
│         check_on_train_epoch_end: null                                                                                                                                                                                                    
│       model_summary:                                                                                                                                                                                                                      
│         _target_: pytorch_lightning.callbacks.RichModelSummary                                                                                                                                                                            
│         max_depth: -1                                                                                                                                                                                                                     
│       rich_progress_bar:                                                                                                                                                                                                                  
│         _target_: pytorch_lightning.callbacks.RichProgressBar                                                                                                                                                                             
│                                                                                                                                                                                                                                           
├── logger
│   └── wandb:                                                                                                                                                                                                                              
│         tags:                                                                                                                                                                                                                             
│         - mnist                                                                                                                                                                                                                           
│         - timm_resnet50                                                                                                                                                                                                                   
│         group: chexpert                                                                                                                                                                                                                   
│                                                                                                                                                                                                                                           
├── trainer
│   └── _target_: pytorch_lightning.Trainer                                                                                                                                                                                                 
│       default_root_dir: /home/ubuntu/yisakk/Template/template_pl-hydra/logs/train/multiruns/2022-11-16_00-19-29/0                                                                                                                         
│       min_epochs: 10                                                                                                                                                                                                                      
│       max_epochs: 10                                                                                                                                                                                                                      
│       accelerator: gpu                                                                                                                                                                                                                    
│       devices: 1                                                                                                                                                                                                                          
│       check_val_every_n_epoch: 1                                                                                                                                                                                                          
│       deterministic: false                                                                                                                                                                                                                
│       gradient_clip_val: 0.5                                                                                                                                                                                                              
│                                                                                                                                                                                                                                           
├── paths
│   └── root_dir: /home/ubuntu/yisakk/Template/template_pl-hydra                                                                                                                                                                            
│       data_dir: /home/ubuntu/yisakk/Template/template_pl-hydra/data/                                                                                                                                                                      
│       log_dir: /home/ubuntu/yisakk/Template/template_pl-hydra/logs/                                                                                                                                                                       
│       output_dir: /home/ubuntu/yisakk/Template/template_pl-hydra/logs/train/multiruns/2022-11-16_00-19-29/0                                                                                                                               
│       work_dir: /home/ubuntu/yisakk/Template/template_pl-hydra                                                                                                                                                                            
│                                                                                                                                                                                                                                           
├── extras
│   └── ignore_warnings: false                                                                                                                                                                                                              
│       enforce_tags: true                                                                                                                                                                                                                  
│       print_config: true                                                                                                                                                                                                                  
│                                                                                                                                                                                                                                           
├── task_name
│   └── train                                                                                                                                                                                                                               
├── tags
│   └── ['mnist', 'timm_resnet50']                                                                                                                                                                                                          
├── train
│   └── True                                                                                                                                                                                                                                
├── test
│   └── True                                                                                                                                                                                                                                
├── ckpt_path
│   └── None                                                                                                                                                                                                                                
├── seed
│   └── 12345                                                                                                                                                                                                                               
└── optimized_metric
    └── val/auc_best                                                                                                                                                                                                                        
